<!DOCTYPE html PUBLIC "-//W3C//DTD XHTML 1.1//EN" "http://www.w3.org/TR/xhtml11/DTD/xhtml11.dtd">
<html xmlns="http://www.w3.org/1999/xhtml"><head><title>TestNG Report</title><style type="text/css">table {margin-bottom:10px;border-collapse:collapse;empty-cells:show}th,td {border:1px solid #009;padding:.25em .5em}th {vertical-align:bottom}td {vertical-align:top}table a {font-weight:bold}.stripe td {background-color: #E6EBF9}.num {text-align:right}.passedodd td {background-color: #3F3}.passedeven td {background-color: #0A0}.skippedodd td {background-color: #DDD}.skippedeven td {background-color: #CCC}.failedodd td,.attn {background-color: #F33}.failedeven td,.stripe .attn {background-color: #D00}.stacktrace {white-space:pre;font-family:monospace}.totop {font-size:85%;text-align:center;border-bottom:2px solid #000}</style></head><body><table><tr><th>Test</th><th># Passed</th><th># Skipped</th><th># Failed</th><th>Time (ms)</th><th>Included Groups</th><th>Excluded Groups</th></tr><tr><th colspan="7">Default suite</th></tr><tr><td><a href="#t0">Default test</a></td><td class="num">0</td><td class="num">0</td><td class="num attn">3</td><td class="num">15,783</td><td></td><td></td></tr></table><table id='summary'><thead><tr><th>Class</th><th>Method</th><th>Start</th><th>Time (ms)</th></tr></thead><tbody><tr><th colspan="4">Default suite</th></tr></tbody><tbody id="t0"><tr><th colspan="4">Default test &#8212; failed</th></tr><tr class="failedeven"><td rowspan="3">com.k2js.seleniumfinalfw.testscripts.NewToursTestRunner</td><td><a href="#m0">verifyHomepage</a></td><td rowspan="1">1512376870285</td><td rowspan="1">23</td></tr><tr class="failedeven"><td><a href="#m1">verifyRegisterPage</a></td><td rowspan="2">1512376870970</td><td rowspan="2">3468</td></tr><tr class="failedeven"><td><a href="#m2">verifyRegisterPage</a></td></tr></tbody></table><h2>Default test</h2><h3 id="m0">com.k2js.seleniumfinalfw.testscripts.NewToursTestRunner#verifyHomepage</h3><table class="result"><tr class="param"><th>Parameter #1</th></tr><tr class="param stripe"><td>[Welcome: Mercury Tours, 1, null, null, null, null, null, null, null, null, null, null, null, null, null, null, null]</td></tr><tr><th>Exception</th></tr><tr><td><div class="stacktrace">java.lang.NumberFormatException: null
	at java.lang.Integer.parseInt(Integer.java:542)
	at java.lang.Integer.&lt;init&gt;(Integer.java:867)
	at com.k2js.seleniumfinalfw.testscripts.NewToursTestRunner.verifyHomepage(NewToursTestRunner.java:70)
	at sun.reflect.NativeMethodAccessorImpl.invoke0(Native Method)
	at sun.reflect.NativeMethodAccessorImpl.invoke(NativeMethodAccessorImpl.java:62)
	at sun.reflect.DelegatingMethodAccessorImpl.invoke(DelegatingMethodAccessorImpl.java:43)
	at java.lang.reflect.Method.invoke(Method.java:498)
	at org.testng.internal.MethodInvocationHelper.invokeMethod(MethodInvocationHelper.java:108)
	at org.testng.internal.Invoker.invokeMethod(Invoker.java:661)
	at org.testng.internal.Invoker.invokeTestMethod(Invoker.java:869)
	at org.testng.internal.Invoker.invokeTestMethods(Invoker.java:1193)
	at org.testng.internal.TestMethodWorker.invokeTestMethods(TestMethodWorker.java:126)
	at org.testng.internal.TestMethodWorker.run(TestMethodWorker.java:109)
	at org.testng.TestRunner.privateRun(TestRunner.java:744)
	at org.testng.TestRunner.run(TestRunner.java:602)
	at org.testng.SuiteRunner.runTest(SuiteRunner.java:380)
	at org.testng.SuiteRunner.runSequentially(SuiteRunner.java:375)
	at org.testng.SuiteRunner.privateRun(SuiteRunner.java:340)
	at org.testng.SuiteRunner.run(SuiteRunner.java:289)
	at org.testng.SuiteRunnerWorker.runSuite(SuiteRunnerWorker.java:52)
	at org.testng.SuiteRunnerWorker.run(SuiteRunnerWorker.java:86)
	at org.testng.TestNG.runSuitesSequentially(TestNG.java:1301)
	at org.testng.TestNG.runSuitesLocally(TestNG.java:1226)
	at org.testng.TestNG.runSuites(TestNG.java:1144)
	at org.testng.TestNG.run(TestNG.java:1115)
	at org.testng.remote.AbstractRemoteTestNG.run(AbstractRemoteTestNG.java:132)
	at org.testng.remote.RemoteTestNG.initAndRun(RemoteTestNG.java:230)
	at org.testng.remote.RemoteTestNG.main(RemoteTestNG.java:76)
</div></td></tr></table><p class="totop"><a href="#summary">back to summary</a></p><h3 id="m1">com.k2js.seleniumfinalfw.testscripts.NewToursTestRunner#verifyRegisterPage</h3><table class="result"><tr class="param"><th>Parameter #1</th></tr><tr class="param stripe"><td>[Urvashi, Gupta, 9967899094, juhiurvashi, 567899, address, city, karnataka, 675544, INDIA, username, password, password, Dear Urvashi ,
Thank you for registering. You may now sign-in using the user name and password you&apos;ve just entered. 
Note: Your user name is ., Fail, Title not Valid expected [Title not Valid expected [Title not Valid expected [Dear Urvashi ,
Thank you for registering. You may now sign-in using the user name and password you&apos;ve just entered. 
Note: Your user name is .] but found [Dear Urvashi ,
Thank you for registering. You may now sign-in using the user name and password you&apos;ve just entered.
Note: Your user name is .]] but found [Dear Urvashi ,
Thank you for registering. You may now sign-in using the user name and password you&apos;ve just entered.
Note: Your user name is .]] but found [Dear Urvashi ,
Thank you for registering. You may now sign-in using the user name and password you&apos;ve just entered.
Note: Your user name is .], 2]</td></tr><tr><th>Exception</th></tr><tr><td><div class="stacktrace">java.lang.AssertionError: Title not Valid expected [Title not Valid expected [Title not Valid expected [Title not Valid expected [Dear Urvashi ,
Thank you for registering. You may now sign-in using the user name and password you&apos;ve just entered. 
Note: Your user name is .] but found [Dear Urvashi ,
Thank you for registering. You may now sign-in using the user name and password you&apos;ve just entered.
Note: Your user name is .]] but found [Dear Urvashi ,
Thank you for registering. You may now sign-in using the user name and password you&apos;ve just entered.
Note: Your user name is .]] but found [Dear Urvashi ,
Thank you for registering. You may now sign-in using the user name and password you&apos;ve just entered.
Note: Your user name is .]] but found [Dear Urvashi ,
Thank you for registering. You may now sign-in using the user name and password you&apos;ve just entered.
Note: Your user name is .]
	at org.testng.Assert.fail(Assert.java:93)
	at org.testng.Assert.failNotEquals(Assert.java:512)
	at org.testng.Assert.assertEqualsImpl(Assert.java:134)
	at org.testng.Assert.assertEquals(Assert.java:115)
	at org.testng.Assert.assertEquals(Assert.java:189)
	at com.k2js.seleniumfinalfw.testscripts.NewToursTestRunner.verifyRegisterPage(NewToursTestRunner.java:90)
	at sun.reflect.NativeMethodAccessorImpl.invoke0(Native Method)
	at sun.reflect.NativeMethodAccessorImpl.invoke(NativeMethodAccessorImpl.java:62)
	at sun.reflect.DelegatingMethodAccessorImpl.invoke(DelegatingMethodAccessorImpl.java:43)
	at java.lang.reflect.Method.invoke(Method.java:498)
	at org.testng.internal.MethodInvocationHelper.invokeMethod(MethodInvocationHelper.java:108)
	at org.testng.internal.Invoker.invokeMethod(Invoker.java:661)
	at org.testng.internal.Invoker.invokeTestMethod(Invoker.java:869)
	at org.testng.internal.Invoker.invokeTestMethods(Invoker.java:1193)
	at org.testng.internal.TestMethodWorker.invokeTestMethods(TestMethodWorker.java:126)
	at org.testng.internal.TestMethodWorker.run(TestMethodWorker.java:109)
	at org.testng.TestRunner.privateRun(TestRunner.java:744)
	at org.testng.TestRunner.run(TestRunner.java:602)
	at org.testng.SuiteRunner.runTest(SuiteRunner.java:380)
	at org.testng.SuiteRunner.runSequentially(SuiteRunner.java:375)
	at org.testng.SuiteRunner.privateRun(SuiteRunner.java:340)
	at org.testng.SuiteRunner.run(SuiteRunner.java:289)
	at org.testng.SuiteRunnerWorker.runSuite(SuiteRunnerWorker.java:52)
	at org.testng.SuiteRunnerWorker.run(SuiteRunnerWorker.java:86)
	at org.testng.TestNG.runSuitesSequentially(TestNG.java:1301)
	at org.testng.TestNG.runSuitesLocally(TestNG.java:1226)
	at org.testng.TestNG.runSuites(TestNG.java:1144)
	at org.testng.TestNG.run(TestNG.java:1115)
	at org.testng.remote.AbstractRemoteTestNG.run(AbstractRemoteTestNG.java:132)
	at org.testng.remote.RemoteTestNG.initAndRun(RemoteTestNG.java:230)
	at org.testng.remote.RemoteTestNG.main(RemoteTestNG.java:76)
</div></td></tr></table><p class="totop"><a href="#summary">back to summary</a></p><h3 id="m2">com.k2js.seleniumfinalfw.testscripts.NewToursTestRunner#verifyRegisterPage</h3><table class="result"><tr class="param"><th>Parameter #1</th></tr><tr class="param stripe"><td>[Juhi, Gupta, 99567899344, juhiurvashi, 567899, address234, varanasi, Uttar Pradesh, 345678, INDIA, username, a1234, a1234, Dear Juhi ,
Thank you for registering. You may now sign-in using the user name and password you&apos;ve just entered. 
Note: Your user name is ., Fail, Title not Valid expected [Title not Valid expected [Title not Valid expected [Dear Juhi ,
Thank you for registering. You may now sign-in using the user name and password you&apos;ve just entered. 
Note: Your user name is .] but found [Dear Juhi ,
Thank you for registering. You may now sign-in using the user name and password you&apos;ve just entered.
Note: Your user name is .]] but found [Dear Juhi ,
Thank you for registering. You may now sign-in using the user name and password you&apos;ve just entered.
Note: Your user name is .]] but found [Dear Juhi ,
Thank you for registering. You may now sign-in using the user name and password you&apos;ve just entered.
Note: Your user name is .], 4]</td></tr><tr><th>Exception</th></tr><tr><td><div class="stacktrace">java.lang.AssertionError: Title not Valid expected [Title not Valid expected [Title not Valid expected [Title not Valid expected [Dear Juhi ,
Thank you for registering. You may now sign-in using the user name and password you&apos;ve just entered. 
Note: Your user name is .] but found [Dear Juhi ,
Thank you for registering. You may now sign-in using the user name and password you&apos;ve just entered.
Note: Your user name is .]] but found [Dear Juhi ,
Thank you for registering. You may now sign-in using the user name and password you&apos;ve just entered.
Note: Your user name is .]] but found [Dear Juhi ,
Thank you for registering. You may now sign-in using the user name and password you&apos;ve just entered.
Note: Your user name is .]] but found [Dear Juhi ,
Thank you for registering. You may now sign-in using the user name and password you&apos;ve just entered.
Note: Your user name is .]
	at org.testng.Assert.fail(Assert.java:93)
	at org.testng.Assert.failNotEquals(Assert.java:512)
	at org.testng.Assert.assertEqualsImpl(Assert.java:134)
	at org.testng.Assert.assertEquals(Assert.java:115)
	at org.testng.Assert.assertEquals(Assert.java:189)
	at com.k2js.seleniumfinalfw.testscripts.NewToursTestRunner.verifyRegisterPage(NewToursTestRunner.java:90)
	at sun.reflect.NativeMethodAccessorImpl.invoke0(Native Method)
	at sun.reflect.NativeMethodAccessorImpl.invoke(NativeMethodAccessorImpl.java:62)
	at sun.reflect.DelegatingMethodAccessorImpl.invoke(DelegatingMethodAccessorImpl.java:43)
	at java.lang.reflect.Method.invoke(Method.java:498)
	at org.testng.internal.MethodInvocationHelper.invokeMethod(MethodInvocationHelper.java:108)
	at org.testng.internal.Invoker.invokeMethod(Invoker.java:661)
	at org.testng.internal.Invoker.invokeTestMethod(Invoker.java:869)
	at org.testng.internal.Invoker.invokeTestMethods(Invoker.java:1193)
	at org.testng.internal.TestMethodWorker.invokeTestMethods(TestMethodWorker.java:126)
	at org.testng.internal.TestMethodWorker.run(TestMethodWorker.java:109)
	at org.testng.TestRunner.privateRun(TestRunner.java:744)
	at org.testng.TestRunner.run(TestRunner.java:602)
	at org.testng.SuiteRunner.runTest(SuiteRunner.java:380)
	at org.testng.SuiteRunner.runSequentially(SuiteRunner.java:375)
	at org.testng.SuiteRunner.privateRun(SuiteRunner.java:340)
	at org.testng.SuiteRunner.run(SuiteRunner.java:289)
	at org.testng.SuiteRunnerWorker.runSuite(SuiteRunnerWorker.java:52)
	at org.testng.SuiteRunnerWorker.run(SuiteRunnerWorker.java:86)
	at org.testng.TestNG.runSuitesSequentially(TestNG.java:1301)
	at org.testng.TestNG.runSuitesLocally(TestNG.java:1226)
	at org.testng.TestNG.runSuites(TestNG.java:1144)
	at org.testng.TestNG.run(TestNG.java:1115)
	at org.testng.remote.AbstractRemoteTestNG.run(AbstractRemoteTestNG.java:132)
	at org.testng.remote.RemoteTestNG.initAndRun(RemoteTestNG.java:230)
	at org.testng.remote.RemoteTestNG.main(RemoteTestNG.java:76)
</div></td></tr></table><p class="totop"><a href="#summary">back to summary</a></p></body></html>