<?xml version="1.0" encoding="UTF-8"?>
<testng-results skipped="0" failed="3" ignored="0" total="3" passed="0">
  <reporter-output>
  </reporter-output>
  <suite name="Default suite" duration-ms="15783" started-at="2017-12-04T08:41:02Z" finished-at="2017-12-04T08:41:18Z">
    <groups>
    </groups>
    <test name="Default test" duration-ms="15783" started-at="2017-12-04T08:41:02Z" finished-at="2017-12-04T08:41:18Z">
      <class name="com.k2js.seleniumfinalfw.testscripts.NewToursTestRunner">
        <test-method status="PASS" signature="init(java.lang.String, java.lang.String)[pri:0, instance:com.k2js.seleniumfinalfw.testscripts.NewToursTestRunner@4883b407]" name="init" is-config="true" duration-ms="17" started-at="2017-12-04T14:11:02Z" finished-at="2017-12-04T14:11:02Z">
          <params>
            <param index="0">
              <value>
                <![CDATA[chrome]]>
              </value>
            </param>
            <param index="1">
              <value>
                <![CDATA[local]]>
              </value>
            </param>
          </params>
          <reporter-output>
          </reporter-output>
        </test-method> <!-- init -->
        <test-method status="PASS" signature="preCondition()[pri:0, instance:com.k2js.seleniumfinalfw.testscripts.NewToursTestRunner@4883b407]" name="preCondition" is-config="true" duration-ms="6603" started-at="2017-12-04T14:11:03Z" finished-at="2017-12-04T14:11:10Z">
          <reporter-output>
          </reporter-output>
        </test-method> <!-- preCondition -->
        <test-method status="FAIL" signature="verifyHomepage([Ljava.lang.String;)[pri:0, instance:com.k2js.seleniumfinalfw.testscripts.NewToursTestRunner@4883b407]" name="verifyHomepage" duration-ms="23" started-at="2017-12-04T14:11:10Z" data-provider="ntd" finished-at="2017-12-04T14:11:10Z">
          <params>
            <param index="0">
              <value>
                <![CDATA[[Ljava.lang.String;@55b5f5d2]]>
              </value>
            </param>
          </params>
          <exception class="java.lang.NumberFormatException">
            <message>
              <![CDATA[null]]>
            </message>
            <full-stacktrace>
              <![CDATA[java.lang.NumberFormatException: null
	at java.lang.Integer.parseInt(Integer.java:542)
	at java.lang.Integer.<init>(Integer.java:867)
	at com.k2js.seleniumfinalfw.testscripts.NewToursTestRunner.verifyHomepage(NewToursTestRunner.java:70)
	at sun.reflect.NativeMethodAccessorImpl.invoke0(Native Method)
	at sun.reflect.NativeMethodAccessorImpl.invoke(NativeMethodAccessorImpl.java:62)
	at sun.reflect.DelegatingMethodAccessorImpl.invoke(DelegatingMethodAccessorImpl.java:43)
	at java.lang.reflect.Method.invoke(Method.java:498)
	at org.testng.internal.MethodInvocationHelper.invokeMethod(MethodInvocationHelper.java:108)
	at org.testng.internal.Invoker.invokeMethod(Invoker.java:661)
	at org.testng.internal.Invoker.invokeTestMethod(Invoker.java:869)
	at org.testng.internal.Invoker.invokeTestMethods(Invoker.java:1193)
	at org.testng.internal.TestMethodWorker.invokeTestMethods(TestMethodWorker.java:126)
	at org.testng.internal.TestMethodWorker.run(TestMethodWorker.java:109)
	at org.testng.TestRunner.privateRun(TestRunner.java:744)
	at org.testng.TestRunner.run(TestRunner.java:602)
	at org.testng.SuiteRunner.runTest(SuiteRunner.java:380)
	at org.testng.SuiteRunner.runSequentially(SuiteRunner.java:375)
	at org.testng.SuiteRunner.privateRun(SuiteRunner.java:340)
	at org.testng.SuiteRunner.run(SuiteRunner.java:289)
	at org.testng.SuiteRunnerWorker.runSuite(SuiteRunnerWorker.java:52)
	at org.testng.SuiteRunnerWorker.run(SuiteRunnerWorker.java:86)
	at org.testng.TestNG.runSuitesSequentially(TestNG.java:1301)
	at org.testng.TestNG.runSuitesLocally(TestNG.java:1226)
	at org.testng.TestNG.runSuites(TestNG.java:1144)
	at org.testng.TestNG.run(TestNG.java:1115)
	at org.testng.remote.AbstractRemoteTestNG.run(AbstractRemoteTestNG.java:132)
	at org.testng.remote.RemoteTestNG.initAndRun(RemoteTestNG.java:230)
	at org.testng.remote.RemoteTestNG.main(RemoteTestNG.java:76)
]]>
            </full-stacktrace>
          </exception> <!-- java.lang.NumberFormatException -->
          <reporter-output>
          </reporter-output>
        </test-method> <!-- verifyHomepage -->
        <test-method status="PASS" signature="preCondition()[pri:0, instance:com.k2js.seleniumfinalfw.testscripts.NewToursTestRunner@4883b407]" name="preCondition" is-config="true" duration-ms="651" started-at="2017-12-04T14:11:10Z" finished-at="2017-12-04T14:11:10Z">
          <reporter-output>
          </reporter-output>
        </test-method> <!-- preCondition -->
        <test-method status="FAIL" signature="verifyRegisterPage([Ljava.lang.String;)[pri:0, instance:com.k2js.seleniumfinalfw.testscripts.NewToursTestRunner@4883b407]" name="verifyRegisterPage" duration-ms="3468" started-at="2017-12-04T14:11:10Z" data-provider="ntd" finished-at="2017-12-04T14:11:14Z">
          <params>
            <param index="0">
              <value>
                <![CDATA[[Ljava.lang.String;@749c877b]]>
              </value>
            </param>
          </params>
          <exception class="java.lang.AssertionError">
            <message>
              <![CDATA[Title not Valid expected [Title not Valid expected [Title not Valid expected [Title not Valid expected [Dear Urvashi ,
Thank you for registering. You may now sign-in using the user name and password you've just entered. 
Note: Your user name is .] but found [Dear Urvashi ,
Thank you for registering. You may now sign-in using the user name and password you've just entered.
Note: Your user name is .]] but found [Dear Urvashi ,
Thank you for registering. You may now sign-in using the user name and password you've just entered.
Note: Your user name is .]] but found [Dear Urvashi ,
Thank you for registering. You may now sign-in using the user name and password you've just entered.
Note: Your user name is .]] but found [Dear Urvashi ,
Thank you for registering. You may now sign-in using the user name and password you've just entered.
Note: Your user name is .]]]>
            </message>
            <full-stacktrace>
              <![CDATA[java.lang.AssertionError: Title not Valid expected [Title not Valid expected [Title not Valid expected [Title not Valid expected [Dear Urvashi ,
Thank you for registering. You may now sign-in using the user name and password you've just entered. 
Note: Your user name is .] but found [Dear Urvashi ,
Thank you for registering. You may now sign-in using the user name and password you've just entered.
Note: Your user name is .]] but found [Dear Urvashi ,
Thank you for registering. You may now sign-in using the user name and password you've just entered.
Note: Your user name is .]] but found [Dear Urvashi ,
Thank you for registering. You may now sign-in using the user name and password you've just entered.
Note: Your user name is .]] but found [Dear Urvashi ,
Thank you for registering. You may now sign-in using the user name and password you've just entered.
Note: Your user name is .]
	at org.testng.Assert.fail(Assert.java:93)
	at org.testng.Assert.failNotEquals(Assert.java:512)
	at org.testng.Assert.assertEqualsImpl(Assert.java:134)
	at org.testng.Assert.assertEquals(Assert.java:115)
	at org.testng.Assert.assertEquals(Assert.java:189)
	at com.k2js.seleniumfinalfw.testscripts.NewToursTestRunner.verifyRegisterPage(NewToursTestRunner.java:90)
	at sun.reflect.NativeMethodAccessorImpl.invoke0(Native Method)
	at sun.reflect.NativeMethodAccessorImpl.invoke(NativeMethodAccessorImpl.java:62)
	at sun.reflect.DelegatingMethodAccessorImpl.invoke(DelegatingMethodAccessorImpl.java:43)
	at java.lang.reflect.Method.invoke(Method.java:498)
	at org.testng.internal.MethodInvocationHelper.invokeMethod(MethodInvocationHelper.java:108)
	at org.testng.internal.Invoker.invokeMethod(Invoker.java:661)
	at org.testng.internal.Invoker.invokeTestMethod(Invoker.java:869)
	at org.testng.internal.Invoker.invokeTestMethods(Invoker.java:1193)
	at org.testng.internal.TestMethodWorker.invokeTestMethods(TestMethodWorker.java:126)
	at org.testng.internal.TestMethodWorker.run(TestMethodWorker.java:109)
	at org.testng.TestRunner.privateRun(TestRunner.java:744)
	at org.testng.TestRunner.run(TestRunner.java:602)
	at org.testng.SuiteRunner.runTest(SuiteRunner.java:380)
	at org.testng.SuiteRunner.runSequentially(SuiteRunner.java:375)
	at org.testng.SuiteRunner.privateRun(SuiteRunner.java:340)
	at org.testng.SuiteRunner.run(SuiteRunner.java:289)
	at org.testng.SuiteRunnerWorker.runSuite(SuiteRunnerWorker.java:52)
	at org.testng.SuiteRunnerWorker.run(SuiteRunnerWorker.java:86)
	at org.testng.TestNG.runSuitesSequentially(TestNG.java:1301)
	at org.testng.TestNG.runSuitesLocally(TestNG.java:1226)
	at org.testng.TestNG.runSuites(TestNG.java:1144)
	at org.testng.TestNG.run(TestNG.java:1115)
	at org.testng.remote.AbstractRemoteTestNG.run(AbstractRemoteTestNG.java:132)
	at org.testng.remote.RemoteTestNG.initAndRun(RemoteTestNG.java:230)
	at org.testng.remote.RemoteTestNG.main(RemoteTestNG.java:76)
]]>
            </full-stacktrace>
          </exception> <!-- java.lang.AssertionError -->
          <reporter-output>
          </reporter-output>
        </test-method> <!-- verifyRegisterPage -->
        <test-method status="PASS" signature="preCondition()[pri:0, instance:com.k2js.seleniumfinalfw.testscripts.NewToursTestRunner@4883b407]" name="preCondition" is-config="true" duration-ms="1078" started-at="2017-12-04T14:11:14Z" finished-at="2017-12-04T14:11:15Z">
          <reporter-output>
          </reporter-output>
        </test-method> <!-- preCondition -->
        <test-method status="FAIL" signature="verifyRegisterPage([Ljava.lang.String;)[pri:0, instance:com.k2js.seleniumfinalfw.testscripts.NewToursTestRunner@4883b407]" name="verifyRegisterPage" duration-ms="3153" started-at="2017-12-04T14:11:15Z" data-provider="ntd" finished-at="2017-12-04T14:11:18Z">
          <params>
            <param index="0">
              <value>
                <![CDATA[[Ljava.lang.String;@efde75f]]>
              </value>
            </param>
          </params>
          <exception class="java.lang.AssertionError">
            <message>
              <![CDATA[Title not Valid expected [Title not Valid expected [Title not Valid expected [Title not Valid expected [Dear Juhi ,
Thank you for registering. You may now sign-in using the user name and password you've just entered. 
Note: Your user name is .] but found [Dear Juhi ,
Thank you for registering. You may now sign-in using the user name and password you've just entered.
Note: Your user name is .]] but found [Dear Juhi ,
Thank you for registering. You may now sign-in using the user name and password you've just entered.
Note: Your user name is .]] but found [Dear Juhi ,
Thank you for registering. You may now sign-in using the user name and password you've just entered.
Note: Your user name is .]] but found [Dear Juhi ,
Thank you for registering. You may now sign-in using the user name and password you've just entered.
Note: Your user name is .]]]>
            </message>
            <full-stacktrace>
              <![CDATA[java.lang.AssertionError: Title not Valid expected [Title not Valid expected [Title not Valid expected [Title not Valid expected [Dear Juhi ,
Thank you for registering. You may now sign-in using the user name and password you've just entered. 
Note: Your user name is .] but found [Dear Juhi ,
Thank you for registering. You may now sign-in using the user name and password you've just entered.
Note: Your user name is .]] but found [Dear Juhi ,
Thank you for registering. You may now sign-in using the user name and password you've just entered.
Note: Your user name is .]] but found [Dear Juhi ,
Thank you for registering. You may now sign-in using the user name and password you've just entered.
Note: Your user name is .]] but found [Dear Juhi ,
Thank you for registering. You may now sign-in using the user name and password you've just entered.
Note: Your user name is .]
	at org.testng.Assert.fail(Assert.java:93)
	at org.testng.Assert.failNotEquals(Assert.java:512)
	at org.testng.Assert.assertEqualsImpl(Assert.java:134)
	at org.testng.Assert.assertEquals(Assert.java:115)
	at org.testng.Assert.assertEquals(Assert.java:189)
	at com.k2js.seleniumfinalfw.testscripts.NewToursTestRunner.verifyRegisterPage(NewToursTestRunner.java:90)
	at sun.reflect.NativeMethodAccessorImpl.invoke0(Native Method)
	at sun.reflect.NativeMethodAccessorImpl.invoke(NativeMethodAccessorImpl.java:62)
	at sun.reflect.DelegatingMethodAccessorImpl.invoke(DelegatingMethodAccessorImpl.java:43)
	at java.lang.reflect.Method.invoke(Method.java:498)
	at org.testng.internal.MethodInvocationHelper.invokeMethod(MethodInvocationHelper.java:108)
	at org.testng.internal.Invoker.invokeMethod(Invoker.java:661)
	at org.testng.internal.Invoker.invokeTestMethod(Invoker.java:869)
	at org.testng.internal.Invoker.invokeTestMethods(Invoker.java:1193)
	at org.testng.internal.TestMethodWorker.invokeTestMethods(TestMethodWorker.java:126)
	at org.testng.internal.TestMethodWorker.run(TestMethodWorker.java:109)
	at org.testng.TestRunner.privateRun(TestRunner.java:744)
	at org.testng.TestRunner.run(TestRunner.java:602)
	at org.testng.SuiteRunner.runTest(SuiteRunner.java:380)
	at org.testng.SuiteRunner.runSequentially(SuiteRunner.java:375)
	at org.testng.SuiteRunner.privateRun(SuiteRunner.java:340)
	at org.testng.SuiteRunner.run(SuiteRunner.java:289)
	at org.testng.SuiteRunnerWorker.runSuite(SuiteRunnerWorker.java:52)
	at org.testng.SuiteRunnerWorker.run(SuiteRunnerWorker.java:86)
	at org.testng.TestNG.runSuitesSequentially(TestNG.java:1301)
	at org.testng.TestNG.runSuitesLocally(TestNG.java:1226)
	at org.testng.TestNG.runSuites(TestNG.java:1144)
	at org.testng.TestNG.run(TestNG.java:1115)
	at org.testng.remote.AbstractRemoteTestNG.run(AbstractRemoteTestNG.java:132)
	at org.testng.remote.RemoteTestNG.initAndRun(RemoteTestNG.java:230)
	at org.testng.remote.RemoteTestNG.main(RemoteTestNG.java:76)
]]>
            </full-stacktrace>
          </exception> <!-- java.lang.AssertionError -->
          <reporter-output>
          </reporter-output>
        </test-method> <!-- verifyRegisterPage -->
      </class> <!-- com.k2js.seleniumfinalfw.testscripts.NewToursTestRunner -->
    </test> <!-- Default test -->
  </suite> <!-- Default suite -->
</testng-results>
