<?xml version="1.0" encoding="UTF-8"?>
<!-- Generated by org.testng.reporters.JUnitReportReporter -->
<testsuite skipped="0" hostname="IBM127-PC06XP2F" name="com.k2js.seleniumfinalfw.testscripts.NewToursTestRunner" tests="3" failures="2" timestamp="04 Dec 2017 08:41:18 GMT" time="14.976" errors="1">
  <testcase name="verifyHomepage" time="6.626" classname="com.k2js.seleniumfinalfw.testscripts.NewToursTestRunner">
    <error type="java.lang.NumberFormatException" message="null">
      <![CDATA[java.lang.NumberFormatException: null
	at java.lang.Integer.parseInt(Integer.java:542)
	at java.lang.Integer.<init>(Integer.java:867)
	at com.k2js.seleniumfinalfw.testscripts.NewToursTestRunner.verifyHomepage(NewToursTestRunner.java:70)
	at sun.reflect.NativeMethodAccessorImpl.invoke0(Native Method)
	at sun.reflect.NativeMethodAccessorImpl.invoke(NativeMethodAccessorImpl.java:62)
	at sun.reflect.DelegatingMethodAccessorImpl.invoke(DelegatingMethodAccessorImpl.java:43)
	at java.lang.reflect.Method.invoke(Method.java:498)
	at org.testng.internal.MethodInvocationHelper.invokeMethod(MethodInvocationHelper.java:108)
	at org.testng.internal.Invoker.invokeMethod(Invoker.java:661)
	at org.testng.internal.Invoker.invokeTestMethod(Invoker.java:869)
	at org.testng.internal.Invoker.invokeTestMethods(Invoker.java:1193)
	at org.testng.internal.TestMethodWorker.invokeTestMethods(TestMethodWorker.java:126)
	at org.testng.internal.TestMethodWorker.run(TestMethodWorker.java:109)
	at org.testng.TestRunner.privateRun(TestRunner.java:744)
	at org.testng.TestRunner.run(TestRunner.java:602)
	at org.testng.SuiteRunner.runTest(SuiteRunner.java:380)
	at org.testng.SuiteRunner.runSequentially(SuiteRunner.java:375)
	at org.testng.SuiteRunner.privateRun(SuiteRunner.java:340)
	at org.testng.SuiteRunner.run(SuiteRunner.java:289)
	at org.testng.SuiteRunnerWorker.runSuite(SuiteRunnerWorker.java:52)
	at org.testng.SuiteRunnerWorker.run(SuiteRunnerWorker.java:86)
	at org.testng.TestNG.runSuitesSequentially(TestNG.java:1301)
	at org.testng.TestNG.runSuitesLocally(TestNG.java:1226)
	at org.testng.TestNG.runSuites(TestNG.java:1144)
	at org.testng.TestNG.run(TestNG.java:1115)
	at org.testng.remote.AbstractRemoteTestNG.run(AbstractRemoteTestNG.java:132)
	at org.testng.remote.RemoteTestNG.initAndRun(RemoteTestNG.java:230)
	at org.testng.remote.RemoteTestNG.main(RemoteTestNG.java:76)
]]>
    </error>
  </testcase> <!-- verifyHomepage -->
  <testcase name="verifyRegisterPage" time="4.546" classname="com.k2js.seleniumfinalfw.testscripts.NewToursTestRunner">
    <failure type="java.lang.AssertionError" message="Title not Valid expected [Title not Valid expected [Title not Valid expected [Title not Valid expected [Dear Urvashi ,
Thank you for registering. You may now sign-in using the user name and password you&#039;ve just entered. 
Note: Your user name is .] but found [Dear Urvashi ,
Thank you for registering. You may now sign-in using the user name and password you&#039;ve just entered.
Note: Your user name is .]] but found [Dear Urvashi ,
Thank you for registering. You may now sign-in using the user name and password you&#039;ve just entered.
Note: Your user name is .]] but found [Dear Urvashi ,
Thank you for registering. You may now sign-in using the user name and password you&#039;ve just entered.
Note: Your user name is .]] but found [Dear Urvashi ,
Thank you for registering. You may now sign-in using the user name and password you&#039;ve just entered.
Note: Your user name is .]">
      <![CDATA[java.lang.AssertionError: Title not Valid expected [Title not Valid expected [Title not Valid expected [Title not Valid expected [Dear Urvashi ,
Thank you for registering. You may now sign-in using the user name and password you've just entered. 
Note: Your user name is .] but found [Dear Urvashi ,
Thank you for registering. You may now sign-in using the user name and password you've just entered.
Note: Your user name is .]] but found [Dear Urvashi ,
Thank you for registering. You may now sign-in using the user name and password you've just entered.
Note: Your user name is .]] but found [Dear Urvashi ,
Thank you for registering. You may now sign-in using the user name and password you've just entered.
Note: Your user name is .]] but found [Dear Urvashi ,
Thank you for registering. You may now sign-in using the user name and password you've just entered.
Note: Your user name is .]
	at org.testng.Assert.fail(Assert.java:93)
	at org.testng.Assert.failNotEquals(Assert.java:512)
	at org.testng.Assert.assertEqualsImpl(Assert.java:134)
	at org.testng.Assert.assertEquals(Assert.java:115)
	at org.testng.Assert.assertEquals(Assert.java:189)
	at com.k2js.seleniumfinalfw.testscripts.NewToursTestRunner.verifyRegisterPage(NewToursTestRunner.java:90)
	at sun.reflect.NativeMethodAccessorImpl.invoke0(Native Method)
	at sun.reflect.NativeMethodAccessorImpl.invoke(NativeMethodAccessorImpl.java:62)
	at sun.reflect.DelegatingMethodAccessorImpl.invoke(DelegatingMethodAccessorImpl.java:43)
	at java.lang.reflect.Method.invoke(Method.java:498)
	at org.testng.internal.MethodInvocationHelper.invokeMethod(MethodInvocationHelper.java:108)
	at org.testng.internal.Invoker.invokeMethod(Invoker.java:661)
	at org.testng.internal.Invoker.invokeTestMethod(Invoker.java:869)
	at org.testng.internal.Invoker.invokeTestMethods(Invoker.java:1193)
	at org.testng.internal.TestMethodWorker.invokeTestMethods(TestMethodWorker.java:126)
	at org.testng.internal.TestMethodWorker.run(TestMethodWorker.java:109)
	at org.testng.TestRunner.privateRun(TestRunner.java:744)
	at org.testng.TestRunner.run(TestRunner.java:602)
	at org.testng.SuiteRunner.runTest(SuiteRunner.java:380)
	at org.testng.SuiteRunner.runSequentially(SuiteRunner.java:375)
	at org.testng.SuiteRunner.privateRun(SuiteRunner.java:340)
	at org.testng.SuiteRunner.run(SuiteRunner.java:289)
	at org.testng.SuiteRunnerWorker.runSuite(SuiteRunnerWorker.java:52)
	at org.testng.SuiteRunnerWorker.run(SuiteRunnerWorker.java:86)
	at org.testng.TestNG.runSuitesSequentially(TestNG.java:1301)
	at org.testng.TestNG.runSuitesLocally(TestNG.java:1226)
	at org.testng.TestNG.runSuites(TestNG.java:1144)
	at org.testng.TestNG.run(TestNG.java:1115)
	at org.testng.remote.AbstractRemoteTestNG.run(AbstractRemoteTestNG.java:132)
	at org.testng.remote.RemoteTestNG.initAndRun(RemoteTestNG.java:230)
	at org.testng.remote.RemoteTestNG.main(RemoteTestNG.java:76)
]]>
    </failure>
  </testcase> <!-- verifyRegisterPage -->
  <testcase name="verifyRegisterPage" time="3.804" classname="com.k2js.seleniumfinalfw.testscripts.NewToursTestRunner">
    <failure type="java.lang.AssertionError" message="Title not Valid expected [Title not Valid expected [Title not Valid expected [Title not Valid expected [Dear Juhi ,
Thank you for registering. You may now sign-in using the user name and password you&#039;ve just entered. 
Note: Your user name is .] but found [Dear Juhi ,
Thank you for registering. You may now sign-in using the user name and password you&#039;ve just entered.
Note: Your user name is .]] but found [Dear Juhi ,
Thank you for registering. You may now sign-in using the user name and password you&#039;ve just entered.
Note: Your user name is .]] but found [Dear Juhi ,
Thank you for registering. You may now sign-in using the user name and password you&#039;ve just entered.
Note: Your user name is .]] but found [Dear Juhi ,
Thank you for registering. You may now sign-in using the user name and password you&#039;ve just entered.
Note: Your user name is .]">
      <![CDATA[java.lang.AssertionError: Title not Valid expected [Title not Valid expected [Title not Valid expected [Title not Valid expected [Dear Juhi ,
Thank you for registering. You may now sign-in using the user name and password you've just entered. 
Note: Your user name is .] but found [Dear Juhi ,
Thank you for registering. You may now sign-in using the user name and password you've just entered.
Note: Your user name is .]] but found [Dear Juhi ,
Thank you for registering. You may now sign-in using the user name and password you've just entered.
Note: Your user name is .]] but found [Dear Juhi ,
Thank you for registering. You may now sign-in using the user name and password you've just entered.
Note: Your user name is .]] but found [Dear Juhi ,
Thank you for registering. You may now sign-in using the user name and password you've just entered.
Note: Your user name is .]
	at org.testng.Assert.fail(Assert.java:93)
	at org.testng.Assert.failNotEquals(Assert.java:512)
	at org.testng.Assert.assertEqualsImpl(Assert.java:134)
	at org.testng.Assert.assertEquals(Assert.java:115)
	at org.testng.Assert.assertEquals(Assert.java:189)
	at com.k2js.seleniumfinalfw.testscripts.NewToursTestRunner.verifyRegisterPage(NewToursTestRunner.java:90)
	at sun.reflect.NativeMethodAccessorImpl.invoke0(Native Method)
	at sun.reflect.NativeMethodAccessorImpl.invoke(NativeMethodAccessorImpl.java:62)
	at sun.reflect.DelegatingMethodAccessorImpl.invoke(DelegatingMethodAccessorImpl.java:43)
	at java.lang.reflect.Method.invoke(Method.java:498)
	at org.testng.internal.MethodInvocationHelper.invokeMethod(MethodInvocationHelper.java:108)
	at org.testng.internal.Invoker.invokeMethod(Invoker.java:661)
	at org.testng.internal.Invoker.invokeTestMethod(Invoker.java:869)
	at org.testng.internal.Invoker.invokeTestMethods(Invoker.java:1193)
	at org.testng.internal.TestMethodWorker.invokeTestMethods(TestMethodWorker.java:126)
	at org.testng.internal.TestMethodWorker.run(TestMethodWorker.java:109)
	at org.testng.TestRunner.privateRun(TestRunner.java:744)
	at org.testng.TestRunner.run(TestRunner.java:602)
	at org.testng.SuiteRunner.runTest(SuiteRunner.java:380)
	at org.testng.SuiteRunner.runSequentially(SuiteRunner.java:375)
	at org.testng.SuiteRunner.privateRun(SuiteRunner.java:340)
	at org.testng.SuiteRunner.run(SuiteRunner.java:289)
	at org.testng.SuiteRunnerWorker.runSuite(SuiteRunnerWorker.java:52)
	at org.testng.SuiteRunnerWorker.run(SuiteRunnerWorker.java:86)
	at org.testng.TestNG.runSuitesSequentially(TestNG.java:1301)
	at org.testng.TestNG.runSuitesLocally(TestNG.java:1226)
	at org.testng.TestNG.runSuites(TestNG.java:1144)
	at org.testng.TestNG.run(TestNG.java:1115)
	at org.testng.remote.AbstractRemoteTestNG.run(AbstractRemoteTestNG.java:132)
	at org.testng.remote.RemoteTestNG.initAndRun(RemoteTestNG.java:230)
	at org.testng.remote.RemoteTestNG.main(RemoteTestNG.java:76)
]]>
    </failure>
  </testcase> <!-- verifyRegisterPage -->
</testsuite> <!-- com.k2js.seleniumfinalfw.testscripts.NewToursTestRunner -->
